<?xml version="1.0" encoding="UTF-8"?>
<Site BuildName="(empty)"
	BuildStamp="20230127-0105-Experimental"
	Name="(empty)"
	Generator="ctest-3.25.0"
	CompilerName=""
	CompilerVersion=""
	OSName="macOS"
	Hostname="Jaeyeop.local"
	OSRelease="13.1"
	OSVersion="22C65"
	OSPlatform="arm64"
	Is64Bits="1"
	VendorString="IBM"
	VendorID="IBM"
	FamilyID="16777228"
	ModelID="2"
	ProcessorCacheSize="131072"
	NumberOfLogicalCPU="8"
	NumberOfPhysicalCPU="8"
	TotalVirtualMemory="0"
	TotalPhysicalMemory="16384"
	LogicalProcessorsPerPhysical="8"
	ProcessorClockFrequency="0"
	>
	<Testing>
		<StartDateTime>Jan 27 02:06 CET</StartDateTime>
		<StartTestTime>1674781563</StartTestTime>
		<TestList/>
		<EndDateTime>Jan 27 02:06 CET</EndDateTime>
		<EndTestTime>1674781563</EndTestTime>
		<ElapsedMinutes>0</ElapsedMinutes>
	</Testing>
</Site>
